# JRE version: Java(TM) SE Runtime Environment (8.0_45-b14) (build 1.8.0_45-b14)
# Java VM: Java HotSpot(TM) 64-Bit Server VM (25.45-b02 mixed mode linux-amd64 compressed oops)
Heap:
 PSYoungGen      total 216576K, used 2241K [0x00000000ebb00000, 0x00000000f9b80000, 0x0000000100000000)
  eden space 203264K, 0% used [0x00000000ebb00000,0x00000000ebb00000,0x00000000f8180000)
  from space 13312K, 16% used [0x00000000f8180000,0x00000000f83b0680,0x00000000f8e80000)
  to   space 13312K, 0% used [0x00000000f8e80000,0x00000000f8e80000,0x00000000f9b80000)
 ParOldGen       total 42496K, used 23510K [0x00000000c3000000, 0x00000000c5980000, 0x00000000ebb00000)
  object space 42496K, 55% used [0x00000000c3000000,0x00000000c46f59c8,0x00000000c5980000)
 Metaspace       used 14343K, capacity 14438K, committed 14720K, reserved 1062912K
  class space    used 1772K, capacity 1818K, committed 1920K, reserved 1048576K
GC Heap History (10 events):
Event: 4,749 GC heap after
Heap after GC invocations=6 (full 0):
 PSYoungGen      total 77312K, used 2652K [0x00000000ebb00000, 0x00000000f1400000, 0x0000000100000000)
  eden space 63488K, 0% used [0x00000000ebb00000,0x00000000ebb00000,0x00000000ef900000)
  from space 13824K, 19% used [0x00000000f0680000,0x00000000f0917028,0x00000000f1400000)
  to   space 13824K, 0% used [0x00000000ef900000,0x00000000ef900000,0x00000000f0680000)
 ParOldGen       total 42496K, used 20707K [0x00000000c3000000, 0x00000000c5980000, 0x00000000ebb00000)
  object space 42496K, 48% used [0x00000000c3000000,0x00000000c4438fb0,0x00000000c5980000)
 Metaspace       used 11980K, capacity 12160K, committed 12288K, reserved 1060864K
  class space    used 1488K, capacity 1529K, committed 1536K, reserved 1048576K
}
Event: 5,474 GC heap before
{Heap before GC invocations=7 (full 0):
 PSYoungGen      total 77312K, used 66140K [0x00000000ebb00000, 0x00000000f1400000, 0x0000000100000000)
  eden space 63488K, 100% used [0x00000000ebb00000,0x00000000ef900000,0x00000000ef900000)
  from space 13824K, 19% used [0x00000000f0680000,0x00000000f0917028,0x00000000f1400000)
  to   space 13824K, 0% used [0x00000000ef900000,0x00000000ef900000,0x00000000f0680000)
 ParOldGen       total 42496K, used 20707K [0x00000000c3000000, 0x00000000c5980000, 0x00000000ebb00000)
  object space 42496K, 48% used [0x00000000c3000000,0x00000000c4438fb0,0x00000000c5980000)
 Metaspace       used 11980K, capacity 12160K, committed 12288K, reserved 1060864K
  class space    used 1488K, capacity 1529K, committed 1536K, reserved 1048576K
Event: 5,506 GC heap after
Heap after GC invocations=7 (full 0):
 PSYoungGen      total 77312K, used 1564K [0x00000000ebb00000, 0x00000000f5200000, 0x0000000100000000)
  eden space 63488K, 0% used [0x00000000ebb00000,0x00000000ebb00000,0x00000000ef900000)
  from space 13824K, 11% used [0x00000000ef900000,0x00000000efa87138,0x00000000f0680000)
  to   space 13824K, 0% used [0x00000000f4480000,0x00000000f4480000,0x00000000f5200000)
 ParOldGen       total 42496K, used 21858K [0x00000000c3000000, 0x00000000c5980000, 0x00000000ebb00000)
  object space 42496K, 51% used [0x00000000c3000000,0x00000000c4558990,0x00000000c5980000)
 Metaspace       used 11980K, capacity 12160K, committed 12288K, reserved 1060864K
  class space    used 1488K, capacity 1529K, committed 1536K, reserved 1048576K
}
Event: 6,224 GC heap before
{Heap before GC invocations=8 (full 0):
 PSYoungGen      total 77312K, used 65052K [0x00000000ebb00000, 0x00000000f5200000, 0x0000000100000000)
  eden space 63488K, 100% used [0x00000000ebb00000,0x00000000ef900000,0x00000000ef900000)
  from space 13824K, 11% used [0x00000000ef900000,0x00000000efa87138,0x00000000f0680000)
  to   space 13824K, 0% used [0x00000000f4480000,0x00000000f4480000,0x00000000f5200000)
 ParOldGen       total 42496K, used 21858K [0x00000000c3000000, 0x00000000c5980000, 0x00000000ebb00000)
  object space 42496K, 51% used [0x00000000c3000000,0x00000000c4558990,0x00000000c5980000)
 Metaspace       used 11981K, capacity 12160K, committed 12288K, reserved 1060864K
  class space    used 1488K, capacity 1529K, committed 1536K, reserved 1048576K
Event: 6,228 GC heap after
Heap after GC invocations=8 (full 0):
 PSYoungGen      total 140800K, used 576K [0x00000000ebb00000, 0x00000000f5200000, 0x0000000100000000)
  eden space 126976K, 0% used [0x00000000ebb00000,0x00000000ebb00000,0x00000000f3700000)
  from space 13824K, 4% used [0x00000000f4480000,0x00000000f4510000,0x00000000f5200000)
  to   space 13824K, 0% used [0x00000000f3700000,0x00000000f3700000,0x00000000f4480000)
 ParOldGen       total 42496K, used 22838K [0x00000000c3000000, 0x00000000c5980000, 0x00000000ebb00000)
  object space 42496K, 53% used [0x00000000c3000000,0x00000000c464d9c8,0x00000000c5980000)
 Metaspace       used 11981K, capacity 12160K, committed 12288K, reserved 1060864K
  class space    used 1488K, capacity 1529K, committed 1536K, reserved 1048576K
}
Event: 7,076 GC heap before
{Heap before GC invocations=9 (full 0):
 PSYoungGen      total 140800K, used 127552K [0x00000000ebb00000, 0x00000000f5200000, 0x0000000100000000)
  eden space 126976K, 100% used [0x00000000ebb00000,0x00000000f3700000,0x00000000f3700000)
  from space 13824K, 4% used [0x00000000f4480000,0x00000000f4510000,0x00000000f5200000)
  to   space 13824K, 0% used [0x00000000f3700000,0x00000000f3700000,0x00000000f4480000)
 ParOldGen       total 42496K, used 22838K [0x00000000c3000000, 0x00000000c5980000, 0x00000000ebb00000)
  object space 42496K, 53% used [0x00000000c3000000,0x00000000c464d9c8,0x00000000c5980000)
 Metaspace       used 11981K, capacity 12160K, committed 12288K, reserved 1060864K
  class space    used 1488K, capacity 1529K, committed 1536K, reserved 1048576K
Event: 7,079 GC heap after
Heap after GC invocations=9 (full 0):
 PSYoungGen      total 140800K, used 260K [0x00000000ebb00000, 0x00000000f9b80000, 0x0000000100000000)
  eden space 126976K, 0% used [0x00000000ebb00000,0x00000000ebb00000,0x00000000f3700000)
  from space 13824K, 1% used [0x00000000f3700000,0x00000000f3741278,0x00000000f4480000)
  to   space 13312K, 0% used [0x00000000f8e80000,0x00000000f8e80000,0x00000000f9b80000)
 ParOldGen       total 42496K, used 23294K [0x00000000c3000000, 0x00000000c5980000, 0x00000000ebb00000)
  object space 42496K, 54% used [0x00000000c3000000,0x00000000c46bf9c8,0x00000000c5980000)
 Metaspace       used 11981K, capacity 12160K, committed 12288K, reserved 1060864K
  class space    used 1488K, capacity 1529K, committed 1536K, reserved 1048576K
}
Event: 8,037 GC heap before
{Heap before GC invocations=10 (full 0):
 PSYoungGen      total 140800K, used 127236K [0x00000000ebb00000, 0x00000000f9b80000, 0x0000000100000000)
  eden space 126976K, 100% used [0x00000000ebb00000,0x00000000f3700000,0x00000000f3700000)
  from space 13824K, 1% used [0x00000000f3700000,0x00000000f3741278,0x00000000f4480000)
  to   space 13312K, 0% used [0x00000000f8e80000,0x00000000f8e80000,0x00000000f9b80000)
 ParOldGen       total 42496K, used 23294K [0x00000000c3000000, 0x00000000c5980000, 0x00000000ebb00000)
  object space 42496K, 54% used [0x00000000c3000000,0x00000000c46bf9c8,0x00000000c5980000)
 Metaspace       used 11981K, capacity 12160K, committed 12288K, reserved 1060864K
  class space    used 1488K, capacity 1529K, committed 1536K, reserved 1048576K
Event: 8,040 GC heap after
Heap after GC invocations=10 (full 0):
 PSYoungGen      total 216576K, used 214K [0x00000000ebb00000, 0x00000000f9b80000, 0x0000000100000000)
  eden space 203264K, 0% used [0x00000000ebb00000,0x00000000ebb00000,0x00000000f8180000)
  from space 13312K, 1% used [0x00000000f8e80000,0x00000000f8eb5ba8,0x00000000f9b80000)
  to   space 13312K, 0% used [0x00000000f8180000,0x00000000f8180000,0x00000000f8e80000)
 ParOldGen       total 42496K, used 23366K [0x00000000c3000000, 0x00000000c5980000, 0x00000000ebb00000)
  object space 42496K, 54% used [0x00000000c3000000,0x00000000c46d19c8,0x00000000c5980000)
 Metaspace       used 11981K, capacity 12160K, committed 12288K, reserved 1060864K
  class space    used 1488K, capacity 1529K, committed 1536K, reserved 1048576K
}
Event: 154,431 GC heap before
{Heap before GC invocations=11 (full 0):
 PSYoungGen      total 216576K, used 203478K [0x00000000ebb00000, 0x00000000f9b80000, 0x0000000100000000)
  eden space 203264K, 100% used [0x00000000ebb00000,0x00000000f8180000,0x00000000f8180000)
  from space 13312K, 1% used [0x00000000f8e80000,0x00000000f8eb5ba8,0x00000000f9b80000)
  to   space 13312K, 0% used [0x00000000f8180000,0x00000000f8180000,0x00000000f8e80000)
 ParOldGen       total 42496K, used 23366K [0x00000000c3000000, 0x00000000c5980000, 0x00000000ebb00000)
  object space 42496K, 54% used [0x00000000c3000000,0x00000000c46d19c8,0x00000000c5980000)
 Metaspace       used 14343K, capacity 14438K, committed 14720K, reserved 1062912K
  class space    used 1772K, capacity 1818K, committed 1920K, reserved 1048576K

